[DEBUG] 2024-05-17 08:46:02.152 [main] InternalLoggerFactory - Using Log4J2 as the default logging framework
[DEBUG] 2024-05-17 08:46:02.167 [main] ResourceLeakDetector - -Dio.netty.leakDetection.level: simple
[DEBUG] 2024-05-17 08:46:02.167 [main] ResourceLeakDetector - -Dio.netty.leakDetection.targetRecords: 4
[DEBUG] 2024-05-17 08:46:02.178 [main] ResourceLeakDetectorFactory - Loaded default ResourceLeakDetector: io.netty.util.ResourceLeakDetector@7ac0e420
[DEBUG] 2024-05-17 08:46:02.219 [main] PlatformDependent0 - -Dio.netty.noUnsafe: false
[DEBUG] 2024-05-17 08:46:02.219 [main] PlatformDependent0 - Java version: 17
[DEBUG] 2024-05-17 08:46:02.220 [main] PlatformDependent0 - sun.misc.Unsafe.theUnsafe: available
[DEBUG] 2024-05-17 08:46:02.226 [main] PlatformDependent0 - sun.misc.Unsafe.copyMemory: available
[DEBUG] 2024-05-17 08:46:02.228 [main] PlatformDependent0 - sun.misc.Unsafe.storeFence: available
[DEBUG] 2024-05-17 08:46:02.229 [main] PlatformDependent0 - java.nio.Buffer.address: available
[DEBUG] 2024-05-17 08:46:02.230 [main] PlatformDependent0 - direct buffer constructor: unavailable: Reflective setAccessible(true) disabled
[DEBUG] 2024-05-17 08:46:02.231 [main] PlatformDependent0 - java.nio.Bits.unaligned: available, true
[DEBUG] 2024-05-17 08:46:02.233 [main] PlatformDependent0 - jdk.internal.misc.Unsafe.allocateUninitializedArray(int): unavailable: class io.netty.util.internal.PlatformDependent0$7 cannot access class jdk.internal.misc.Unsafe (in module java.base) because module java.base does not export jdk.internal.misc to unnamed module @7ff2a664
[DEBUG] 2024-05-17 08:46:02.234 [main] PlatformDependent0 - java.nio.DirectByteBuffer.<init>(long, {int,long}): unavailable
[DEBUG] 2024-05-17 08:46:02.235 [main] PlatformDependent - sun.misc.Unsafe: available
[DEBUG] 2024-05-17 08:46:02.235 [main] PlatformDependent - maxDirectMemory: 4265607168 bytes (maybe)
[DEBUG] 2024-05-17 08:46:02.236 [main] PlatformDependent - -Dio.netty.tmpdir: C:\Users\DIGITA~1\AppData\Local\Temp (java.io.tmpdir)
[DEBUG] 2024-05-17 08:46:02.236 [main] PlatformDependent - -Dio.netty.bitMode: 64 (sun.arch.data.model)
[DEBUG] 2024-05-17 08:46:02.239 [main] PlatformDependent - Platform: Windows
[DEBUG] 2024-05-17 08:46:02.240 [main] PlatformDependent - -Dio.netty.maxDirectMemory: -1 bytes
[DEBUG] 2024-05-17 08:46:02.241 [main] PlatformDependent - -Dio.netty.uninitializedArrayAllocationThreshold: -1
[DEBUG] 2024-05-17 08:46:02.242 [main] CleanerJava9 - java.nio.ByteBuffer.cleaner(): available
[DEBUG] 2024-05-17 08:46:02.243 [main] PlatformDependent - -Dio.netty.noPreferDirect: false
[DEBUG] 2024-05-17 08:46:02.252 [main] PlatformDependent - org.jctools-core.MpscChunkedArrayQueue: available
[DEBUG] 2024-05-17 08:46:02.300 [main] InternalThreadLocalMap - -Dio.netty.threadLocalMap.stringBuilder.initialSize: 1024
[DEBUG] 2024-05-17 08:46:02.300 [main] InternalThreadLocalMap - -Dio.netty.threadLocalMap.stringBuilder.maxSize: 4096
[DEBUG] 2024-05-17 08:46:02.562 [main] JdkSslContext - Default protocols (JDK): [TLSv1.3, TLSv1.2] 
[DEBUG] 2024-05-17 08:46:02.562 [main] JdkSslContext - Default cipher suites (JDK): [TLS_ECDHE_ECDSA_WITH_AES_256_GCM_SHA384, TLS_ECDHE_ECDSA_WITH_AES_128_GCM_SHA256, TLS_ECDHE_RSA_WITH_AES_128_GCM_SHA256, TLS_ECDHE_RSA_WITH_AES_256_GCM_SHA384, TLS_ECDHE_RSA_WITH_AES_128_CBC_SHA, TLS_ECDHE_RSA_WITH_AES_256_CBC_SHA, TLS_RSA_WITH_AES_128_GCM_SHA256, TLS_RSA_WITH_AES_128_CBC_SHA, TLS_RSA_WITH_AES_256_CBC_SHA, TLS_AES_128_GCM_SHA256, TLS_AES_256_GCM_SHA384]
[DEBUG] 2024-05-17 08:46:02.587 [main] GlobalEventExecutor - -Dio.netty.globalEventExecutor.quietPeriodSeconds: 1
[DEBUG] 2024-05-17 08:46:02.608 [main] MultithreadEventLoopGroup - -Dio.netty.eventLoopThreads: 8
[DEBUG] 2024-05-17 08:46:02.624 [main] NioEventLoop - -Dio.netty.noKeySetOptimization: false
[DEBUG] 2024-05-17 08:46:02.624 [main] NioEventLoop - -Dio.netty.selectorAutoRebuildThreshold: 512
[DEBUG] 2024-05-17 08:46:02.686 [main] PooledByteBufAllocator - -Dio.netty.allocator.numHeapArenas: 8
[DEBUG] 2024-05-17 08:46:02.686 [main] PooledByteBufAllocator - -Dio.netty.allocator.numDirectArenas: 8
[DEBUG] 2024-05-17 08:46:02.687 [main] PooledByteBufAllocator - -Dio.netty.allocator.pageSize: 8192
[DEBUG] 2024-05-17 08:46:02.687 [main] PooledByteBufAllocator - -Dio.netty.allocator.maxOrder: 9
[DEBUG] 2024-05-17 08:46:02.687 [main] PooledByteBufAllocator - -Dio.netty.allocator.chunkSize: 4194304
[DEBUG] 2024-05-17 08:46:02.687 [main] PooledByteBufAllocator - -Dio.netty.allocator.smallCacheSize: 256
[DEBUG] 2024-05-17 08:46:02.687 [main] PooledByteBufAllocator - -Dio.netty.allocator.normalCacheSize: 64
[DEBUG] 2024-05-17 08:46:02.687 [main] PooledByteBufAllocator - -Dio.netty.allocator.maxCachedBufferCapacity: 32768
[DEBUG] 2024-05-17 08:46:02.687 [main] PooledByteBufAllocator - -Dio.netty.allocator.cacheTrimInterval: 8192
[DEBUG] 2024-05-17 08:46:02.687 [main] PooledByteBufAllocator - -Dio.netty.allocator.cacheTrimIntervalMillis: 0
[DEBUG] 2024-05-17 08:46:02.688 [main] PooledByteBufAllocator - -Dio.netty.allocator.useCacheForAllThreads: false
[DEBUG] 2024-05-17 08:46:02.688 [main] PooledByteBufAllocator - -Dio.netty.allocator.maxCachedByteBuffersPerChunk: 1023
[DEBUG] 2024-05-17 08:46:02.707 [main] ByteBufUtil - -Dio.netty.allocator.type: pooled
[DEBUG] 2024-05-17 08:46:02.707 [main] ByteBufUtil - -Dio.netty.threadLocalDirectBufferSize: 0
[DEBUG] 2024-05-17 08:46:02.707 [main] ByteBufUtil - -Dio.netty.maxThreadLocalCharBufferSize: 16384
[DEBUG] 2024-05-17 08:46:03.091 [Forwarding newSession on session null to remote] DefaultChannelId - -Dio.netty.processId: 11880 (auto-detected)
[DEBUG] 2024-05-17 08:46:03.094 [Forwarding newSession on session null to remote] NetUtil - -Djava.net.preferIPv4Stack: false
[DEBUG] 2024-05-17 08:46:03.095 [Forwarding newSession on session null to remote] NetUtil - -Djava.net.preferIPv6Addresses: false
[DEBUG] 2024-05-17 08:46:03.112 [Forwarding newSession on session null to remote] NetUtilInitializations - Loopback interface: lo (Software Loopback Interface 1, 127.0.0.1)
[DEBUG] 2024-05-17 08:46:03.114 [Forwarding newSession on session null to remote] NetUtil - Failed to get SOMAXCONN from sysctl and file \proc\sys\net\core\somaxconn. Default: 200
[DEBUG] 2024-05-17 08:46:03.152 [Forwarding newSession on session null to remote] DefaultChannelId - -Dio.netty.machineId: b4:69:21:ff:fe:62:89:4b (auto-detected)
[DEBUG] 2024-05-17 08:46:03.230 [AsyncHttpClient-1-2] AbstractByteBuf - -Dio.netty.buffer.checkAccessible: true
[DEBUG] 2024-05-17 08:46:03.231 [AsyncHttpClient-1-2] AbstractByteBuf - -Dio.netty.buffer.checkBounds: true
[DEBUG] 2024-05-17 08:46:03.231 [AsyncHttpClient-1-2] ResourceLeakDetectorFactory - Loaded default ResourceLeakDetector: io.netty.util.ResourceLeakDetector@2d727373
[DEBUG] 2024-05-17 08:46:03.278 [AsyncHttpClient-1-2] Recycler - -Dio.netty.recycler.maxCapacityPerThread: 4096
[DEBUG] 2024-05-17 08:46:03.278 [AsyncHttpClient-1-2] Recycler - -Dio.netty.recycler.ratio: 8
[DEBUG] 2024-05-17 08:46:03.278 [AsyncHttpClient-1-2] Recycler - -Dio.netty.recycler.chunkSize: 32
[DEBUG] 2024-05-17 08:46:03.278 [AsyncHttpClient-1-2] Recycler - -Dio.netty.recycler.blocking: false
[DEBUG] 2024-05-17 08:46:03.278 [AsyncHttpClient-1-2] Recycler - -Dio.netty.recycler.batchFastThreadLocalOnly: true
[DEBUG] 2024-05-17 08:46:04.363 [AsyncHttpClient-1-2] Brotli - brotli4j not in the classpath; Brotli support will be unavailable.
[DEBUG] 2024-05-17 08:46:04.607 [main] ThreadLocalRandom - -Dio.netty.initialSeedUniquifier: 0xd95cc193294accad
[INFO ] 2024-05-17 08:46:08.713 [main] AmazonTest - URL passed
[INFO ] 2024-05-17 08:46:08.901 [main] AmazonTest - Maximize done
[DEBUG] 2024-05-17 09:20:11.825 [main] InternalLoggerFactory - Using Log4J2 as the default logging framework
[DEBUG] 2024-05-17 09:20:11.841 [main] ResourceLeakDetector - -Dio.netty.leakDetection.level: simple
[DEBUG] 2024-05-17 09:20:11.842 [main] ResourceLeakDetector - -Dio.netty.leakDetection.targetRecords: 4
[DEBUG] 2024-05-17 09:20:11.851 [main] ResourceLeakDetectorFactory - Loaded default ResourceLeakDetector: io.netty.util.ResourceLeakDetector@66238be2
[DEBUG] 2024-05-17 09:20:11.888 [main] PlatformDependent0 - -Dio.netty.noUnsafe: false
[DEBUG] 2024-05-17 09:20:11.888 [main] PlatformDependent0 - Java version: 17
[DEBUG] 2024-05-17 09:20:11.889 [main] PlatformDependent0 - sun.misc.Unsafe.theUnsafe: available
[DEBUG] 2024-05-17 09:20:11.890 [main] PlatformDependent0 - sun.misc.Unsafe.copyMemory: available
[DEBUG] 2024-05-17 09:20:11.891 [main] PlatformDependent0 - sun.misc.Unsafe.storeFence: available
[DEBUG] 2024-05-17 09:20:11.891 [main] PlatformDependent0 - java.nio.Buffer.address: available
[DEBUG] 2024-05-17 09:20:11.892 [main] PlatformDependent0 - direct buffer constructor: unavailable: Reflective setAccessible(true) disabled
[DEBUG] 2024-05-17 09:20:11.893 [main] PlatformDependent0 - java.nio.Bits.unaligned: available, true
[DEBUG] 2024-05-17 09:20:11.894 [main] PlatformDependent0 - jdk.internal.misc.Unsafe.allocateUninitializedArray(int): unavailable: class io.netty.util.internal.PlatformDependent0$7 cannot access class jdk.internal.misc.Unsafe (in module java.base) because module java.base does not export jdk.internal.misc to unnamed module @19e1023e
[DEBUG] 2024-05-17 09:20:11.896 [main] PlatformDependent0 - java.nio.DirectByteBuffer.<init>(long, {int,long}): unavailable
[DEBUG] 2024-05-17 09:20:11.897 [main] PlatformDependent - sun.misc.Unsafe: available
[DEBUG] 2024-05-17 09:20:11.898 [main] PlatformDependent - maxDirectMemory: 4265607168 bytes (maybe)
[DEBUG] 2024-05-17 09:20:11.898 [main] PlatformDependent - -Dio.netty.tmpdir: C:\Users\DIGITA~1\AppData\Local\Temp (java.io.tmpdir)
[DEBUG] 2024-05-17 09:20:11.898 [main] PlatformDependent - -Dio.netty.bitMode: 64 (sun.arch.data.model)
[DEBUG] 2024-05-17 09:20:11.899 [main] PlatformDependent - Platform: Windows
[DEBUG] 2024-05-17 09:20:11.901 [main] PlatformDependent - -Dio.netty.maxDirectMemory: -1 bytes
[DEBUG] 2024-05-17 09:20:11.901 [main] PlatformDependent - -Dio.netty.uninitializedArrayAllocationThreshold: -1
[DEBUG] 2024-05-17 09:20:11.910 [main] CleanerJava9 - java.nio.ByteBuffer.cleaner(): available
[DEBUG] 2024-05-17 09:20:11.910 [main] PlatformDependent - -Dio.netty.noPreferDirect: false
[DEBUG] 2024-05-17 09:20:11.938 [main] PlatformDependent - org.jctools-core.MpscChunkedArrayQueue: available
[DEBUG] 2024-05-17 09:20:11.981 [main] InternalThreadLocalMap - -Dio.netty.threadLocalMap.stringBuilder.initialSize: 1024
[DEBUG] 2024-05-17 09:20:11.981 [main] InternalThreadLocalMap - -Dio.netty.threadLocalMap.stringBuilder.maxSize: 4096
[DEBUG] 2024-05-17 09:20:12.306 [main] JdkSslContext - Default protocols (JDK): [TLSv1.3, TLSv1.2] 
[DEBUG] 2024-05-17 09:20:12.306 [main] JdkSslContext - Default cipher suites (JDK): [TLS_ECDHE_ECDSA_WITH_AES_256_GCM_SHA384, TLS_ECDHE_ECDSA_WITH_AES_128_GCM_SHA256, TLS_ECDHE_RSA_WITH_AES_128_GCM_SHA256, TLS_ECDHE_RSA_WITH_AES_256_GCM_SHA384, TLS_ECDHE_RSA_WITH_AES_128_CBC_SHA, TLS_ECDHE_RSA_WITH_AES_256_CBC_SHA, TLS_RSA_WITH_AES_128_GCM_SHA256, TLS_RSA_WITH_AES_128_CBC_SHA, TLS_RSA_WITH_AES_256_CBC_SHA, TLS_AES_128_GCM_SHA256, TLS_AES_256_GCM_SHA384]
[DEBUG] 2024-05-17 09:20:12.329 [main] GlobalEventExecutor - -Dio.netty.globalEventExecutor.quietPeriodSeconds: 1
[DEBUG] 2024-05-17 09:20:12.356 [main] MultithreadEventLoopGroup - -Dio.netty.eventLoopThreads: 8
[DEBUG] 2024-05-17 09:20:12.372 [main] NioEventLoop - -Dio.netty.noKeySetOptimization: false
[DEBUG] 2024-05-17 09:20:12.372 [main] NioEventLoop - -Dio.netty.selectorAutoRebuildThreshold: 512
[DEBUG] 2024-05-17 09:20:12.455 [main] PooledByteBufAllocator - -Dio.netty.allocator.numHeapArenas: 8
[DEBUG] 2024-05-17 09:20:12.456 [main] PooledByteBufAllocator - -Dio.netty.allocator.numDirectArenas: 8
[DEBUG] 2024-05-17 09:20:12.456 [main] PooledByteBufAllocator - -Dio.netty.allocator.pageSize: 8192
[DEBUG] 2024-05-17 09:20:12.456 [main] PooledByteBufAllocator - -Dio.netty.allocator.maxOrder: 9
[DEBUG] 2024-05-17 09:20:12.457 [main] PooledByteBufAllocator - -Dio.netty.allocator.chunkSize: 4194304
[DEBUG] 2024-05-17 09:20:12.457 [main] PooledByteBufAllocator - -Dio.netty.allocator.smallCacheSize: 256
[DEBUG] 2024-05-17 09:20:12.458 [main] PooledByteBufAllocator - -Dio.netty.allocator.normalCacheSize: 64
[DEBUG] 2024-05-17 09:20:12.458 [main] PooledByteBufAllocator - -Dio.netty.allocator.maxCachedBufferCapacity: 32768
[DEBUG] 2024-05-17 09:20:12.458 [main] PooledByteBufAllocator - -Dio.netty.allocator.cacheTrimInterval: 8192
[DEBUG] 2024-05-17 09:20:12.458 [main] PooledByteBufAllocator - -Dio.netty.allocator.cacheTrimIntervalMillis: 0
[DEBUG] 2024-05-17 09:20:12.458 [main] PooledByteBufAllocator - -Dio.netty.allocator.useCacheForAllThreads: false
[DEBUG] 2024-05-17 09:20:12.458 [main] PooledByteBufAllocator - -Dio.netty.allocator.maxCachedByteBuffersPerChunk: 1023
[DEBUG] 2024-05-17 09:20:12.470 [main] ByteBufUtil - -Dio.netty.allocator.type: pooled
[DEBUG] 2024-05-17 09:20:12.470 [main] ByteBufUtil - -Dio.netty.threadLocalDirectBufferSize: 0
[DEBUG] 2024-05-17 09:20:12.471 [main] ByteBufUtil - -Dio.netty.maxThreadLocalCharBufferSize: 16384
[DEBUG] 2024-05-17 09:20:12.826 [Forwarding newSession on session null to remote] DefaultChannelId - -Dio.netty.processId: 13048 (auto-detected)
[DEBUG] 2024-05-17 09:20:12.830 [Forwarding newSession on session null to remote] NetUtil - -Djava.net.preferIPv4Stack: false
[DEBUG] 2024-05-17 09:20:12.830 [Forwarding newSession on session null to remote] NetUtil - -Djava.net.preferIPv6Addresses: false
[DEBUG] 2024-05-17 09:20:12.842 [Forwarding newSession on session null to remote] NetUtilInitializations - Loopback interface: lo (Software Loopback Interface 1, 127.0.0.1)
[DEBUG] 2024-05-17 09:20:12.843 [Forwarding newSession on session null to remote] NetUtil - Failed to get SOMAXCONN from sysctl and file \proc\sys\net\core\somaxconn. Default: 200
[DEBUG] 2024-05-17 09:20:12.878 [Forwarding newSession on session null to remote] DefaultChannelId - -Dio.netty.machineId: b4:69:21:ff:fe:62:89:4b (auto-detected)
[DEBUG] 2024-05-17 09:20:12.942 [AsyncHttpClient-1-2] AbstractByteBuf - -Dio.netty.buffer.checkAccessible: true
[DEBUG] 2024-05-17 09:20:12.943 [AsyncHttpClient-1-2] AbstractByteBuf - -Dio.netty.buffer.checkBounds: true
[DEBUG] 2024-05-17 09:20:12.943 [AsyncHttpClient-1-2] ResourceLeakDetectorFactory - Loaded default ResourceLeakDetector: io.netty.util.ResourceLeakDetector@10ffd8b7
[DEBUG] 2024-05-17 09:20:13.004 [AsyncHttpClient-1-2] Recycler - -Dio.netty.recycler.maxCapacityPerThread: 4096
[DEBUG] 2024-05-17 09:20:13.004 [AsyncHttpClient-1-2] Recycler - -Dio.netty.recycler.ratio: 8
[DEBUG] 2024-05-17 09:20:13.005 [AsyncHttpClient-1-2] Recycler - -Dio.netty.recycler.chunkSize: 32
[DEBUG] 2024-05-17 09:20:13.005 [AsyncHttpClient-1-2] Recycler - -Dio.netty.recycler.blocking: false
[DEBUG] 2024-05-17 09:20:13.005 [AsyncHttpClient-1-2] Recycler - -Dio.netty.recycler.batchFastThreadLocalOnly: true
[DEBUG] 2024-05-17 09:20:14.279 [AsyncHttpClient-1-2] Brotli - brotli4j not in the classpath; Brotli support will be unavailable.
[DEBUG] 2024-05-17 09:20:14.631 [main] ThreadLocalRandom - -Dio.netty.initialSeedUniquifier: 0x63cd982ccd3efd5d
[DEBUG] 2024-05-17 09:20:56.122 [main] InternalLoggerFactory - Using Log4J2 as the default logging framework
[DEBUG] 2024-05-17 09:20:56.135 [main] ResourceLeakDetector - -Dio.netty.leakDetection.level: simple
[DEBUG] 2024-05-17 09:20:56.135 [main] ResourceLeakDetector - -Dio.netty.leakDetection.targetRecords: 4
[DEBUG] 2024-05-17 09:20:56.141 [main] ResourceLeakDetectorFactory - Loaded default ResourceLeakDetector: io.netty.util.ResourceLeakDetector@66238be2
[DEBUG] 2024-05-17 09:20:56.181 [main] PlatformDependent0 - -Dio.netty.noUnsafe: false
[DEBUG] 2024-05-17 09:20:56.181 [main] PlatformDependent0 - Java version: 17
[DEBUG] 2024-05-17 09:20:56.182 [main] PlatformDependent0 - sun.misc.Unsafe.theUnsafe: available
[DEBUG] 2024-05-17 09:20:56.183 [main] PlatformDependent0 - sun.misc.Unsafe.copyMemory: available
[DEBUG] 2024-05-17 09:20:56.184 [main] PlatformDependent0 - sun.misc.Unsafe.storeFence: available
[DEBUG] 2024-05-17 09:20:56.185 [main] PlatformDependent0 - java.nio.Buffer.address: available
[DEBUG] 2024-05-17 09:20:56.186 [main] PlatformDependent0 - direct buffer constructor: unavailable: Reflective setAccessible(true) disabled
[DEBUG] 2024-05-17 09:20:56.187 [main] PlatformDependent0 - java.nio.Bits.unaligned: available, true
[DEBUG] 2024-05-17 09:20:56.191 [main] PlatformDependent0 - jdk.internal.misc.Unsafe.allocateUninitializedArray(int): unavailable: class io.netty.util.internal.PlatformDependent0$7 cannot access class jdk.internal.misc.Unsafe (in module java.base) because module java.base does not export jdk.internal.misc to unnamed module @19e1023e
[DEBUG] 2024-05-17 09:20:56.192 [main] PlatformDependent0 - java.nio.DirectByteBuffer.<init>(long, {int,long}): unavailable
[DEBUG] 2024-05-17 09:20:56.192 [main] PlatformDependent - sun.misc.Unsafe: available
[DEBUG] 2024-05-17 09:20:56.193 [main] PlatformDependent - maxDirectMemory: 4265607168 bytes (maybe)
[DEBUG] 2024-05-17 09:20:56.193 [main] PlatformDependent - -Dio.netty.tmpdir: C:\Users\DIGITA~1\AppData\Local\Temp (java.io.tmpdir)
[DEBUG] 2024-05-17 09:20:56.194 [main] PlatformDependent - -Dio.netty.bitMode: 64 (sun.arch.data.model)
[DEBUG] 2024-05-17 09:20:56.194 [main] PlatformDependent - Platform: Windows
[DEBUG] 2024-05-17 09:20:56.196 [main] PlatformDependent - -Dio.netty.maxDirectMemory: -1 bytes
[DEBUG] 2024-05-17 09:20:56.196 [main] PlatformDependent - -Dio.netty.uninitializedArrayAllocationThreshold: -1
[DEBUG] 2024-05-17 09:20:56.198 [main] CleanerJava9 - java.nio.ByteBuffer.cleaner(): available
[DEBUG] 2024-05-17 09:20:56.198 [main] PlatformDependent - -Dio.netty.noPreferDirect: false
[DEBUG] 2024-05-17 09:20:56.207 [main] PlatformDependent - org.jctools-core.MpscChunkedArrayQueue: available
[DEBUG] 2024-05-17 09:20:56.236 [main] InternalThreadLocalMap - -Dio.netty.threadLocalMap.stringBuilder.initialSize: 1024
[DEBUG] 2024-05-17 09:20:56.237 [main] InternalThreadLocalMap - -Dio.netty.threadLocalMap.stringBuilder.maxSize: 4096
[DEBUG] 2024-05-17 09:20:56.495 [main] JdkSslContext - Default protocols (JDK): [TLSv1.3, TLSv1.2] 
[DEBUG] 2024-05-17 09:20:56.495 [main] JdkSslContext - Default cipher suites (JDK): [TLS_ECDHE_ECDSA_WITH_AES_256_GCM_SHA384, TLS_ECDHE_ECDSA_WITH_AES_128_GCM_SHA256, TLS_ECDHE_RSA_WITH_AES_128_GCM_SHA256, TLS_ECDHE_RSA_WITH_AES_256_GCM_SHA384, TLS_ECDHE_RSA_WITH_AES_128_CBC_SHA, TLS_ECDHE_RSA_WITH_AES_256_CBC_SHA, TLS_RSA_WITH_AES_128_GCM_SHA256, TLS_RSA_WITH_AES_128_CBC_SHA, TLS_RSA_WITH_AES_256_CBC_SHA, TLS_AES_128_GCM_SHA256, TLS_AES_256_GCM_SHA384]
[DEBUG] 2024-05-17 09:20:56.513 [main] GlobalEventExecutor - -Dio.netty.globalEventExecutor.quietPeriodSeconds: 1
[DEBUG] 2024-05-17 09:20:56.535 [main] MultithreadEventLoopGroup - -Dio.netty.eventLoopThreads: 8
[DEBUG] 2024-05-17 09:20:56.550 [main] NioEventLoop - -Dio.netty.noKeySetOptimization: false
[DEBUG] 2024-05-17 09:20:56.551 [main] NioEventLoop - -Dio.netty.selectorAutoRebuildThreshold: 512
[DEBUG] 2024-05-17 09:20:56.618 [main] PooledByteBufAllocator - -Dio.netty.allocator.numHeapArenas: 8
[DEBUG] 2024-05-17 09:20:56.618 [main] PooledByteBufAllocator - -Dio.netty.allocator.numDirectArenas: 8
[DEBUG] 2024-05-17 09:20:56.618 [main] PooledByteBufAllocator - -Dio.netty.allocator.pageSize: 8192
[DEBUG] 2024-05-17 09:20:56.618 [main] PooledByteBufAllocator - -Dio.netty.allocator.maxOrder: 9
[DEBUG] 2024-05-17 09:20:56.620 [main] PooledByteBufAllocator - -Dio.netty.allocator.chunkSize: 4194304
[DEBUG] 2024-05-17 09:20:56.621 [main] PooledByteBufAllocator - -Dio.netty.allocator.smallCacheSize: 256
[DEBUG] 2024-05-17 09:20:56.621 [main] PooledByteBufAllocator - -Dio.netty.allocator.normalCacheSize: 64
[DEBUG] 2024-05-17 09:20:56.621 [main] PooledByteBufAllocator - -Dio.netty.allocator.maxCachedBufferCapacity: 32768
[DEBUG] 2024-05-17 09:20:56.622 [main] PooledByteBufAllocator - -Dio.netty.allocator.cacheTrimInterval: 8192
[DEBUG] 2024-05-17 09:20:56.623 [main] PooledByteBufAllocator - -Dio.netty.allocator.cacheTrimIntervalMillis: 0
[DEBUG] 2024-05-17 09:20:56.623 [main] PooledByteBufAllocator - -Dio.netty.allocator.useCacheForAllThreads: false
[DEBUG] 2024-05-17 09:20:56.623 [main] PooledByteBufAllocator - -Dio.netty.allocator.maxCachedByteBuffersPerChunk: 1023
[DEBUG] 2024-05-17 09:20:56.650 [main] ByteBufUtil - -Dio.netty.allocator.type: pooled
[DEBUG] 2024-05-17 09:20:56.651 [main] ByteBufUtil - -Dio.netty.threadLocalDirectBufferSize: 0
[DEBUG] 2024-05-17 09:20:56.651 [main] ByteBufUtil - -Dio.netty.maxThreadLocalCharBufferSize: 16384
[DEBUG] 2024-05-17 09:20:57.078 [Forwarding newSession on session null to remote] DefaultChannelId - -Dio.netty.processId: 11008 (auto-detected)
[DEBUG] 2024-05-17 09:20:57.084 [Forwarding newSession on session null to remote] NetUtil - -Djava.net.preferIPv4Stack: false
[DEBUG] 2024-05-17 09:20:57.084 [Forwarding newSession on session null to remote] NetUtil - -Djava.net.preferIPv6Addresses: false
[DEBUG] 2024-05-17 09:20:57.101 [Forwarding newSession on session null to remote] NetUtilInitializations - Loopback interface: lo (Software Loopback Interface 1, 127.0.0.1)
[DEBUG] 2024-05-17 09:20:57.103 [Forwarding newSession on session null to remote] NetUtil - Failed to get SOMAXCONN from sysctl and file \proc\sys\net\core\somaxconn. Default: 200
[DEBUG] 2024-05-17 09:20:57.174 [Forwarding newSession on session null to remote] DefaultChannelId - -Dio.netty.machineId: b4:69:21:ff:fe:62:89:4b (auto-detected)
[DEBUG] 2024-05-17 09:20:57.281 [AsyncHttpClient-1-2] AbstractByteBuf - -Dio.netty.buffer.checkAccessible: true
[DEBUG] 2024-05-17 09:20:57.282 [AsyncHttpClient-1-2] AbstractByteBuf - -Dio.netty.buffer.checkBounds: true
[DEBUG] 2024-05-17 09:20:57.282 [AsyncHttpClient-1-2] ResourceLeakDetectorFactory - Loaded default ResourceLeakDetector: io.netty.util.ResourceLeakDetector@5aa58cc8
[DEBUG] 2024-05-17 09:20:57.343 [AsyncHttpClient-1-2] Recycler - -Dio.netty.recycler.maxCapacityPerThread: 4096
[DEBUG] 2024-05-17 09:20:57.343 [AsyncHttpClient-1-2] Recycler - -Dio.netty.recycler.ratio: 8
[DEBUG] 2024-05-17 09:20:57.343 [AsyncHttpClient-1-2] Recycler - -Dio.netty.recycler.chunkSize: 32
[DEBUG] 2024-05-17 09:20:57.343 [AsyncHttpClient-1-2] Recycler - -Dio.netty.recycler.blocking: false
[DEBUG] 2024-05-17 09:20:57.343 [AsyncHttpClient-1-2] Recycler - -Dio.netty.recycler.batchFastThreadLocalOnly: true
[DEBUG] 2024-05-17 09:20:58.773 [AsyncHttpClient-1-2] Brotli - brotli4j not in the classpath; Brotli support will be unavailable.
[DEBUG] 2024-05-17 09:20:59.049 [main] ThreadLocalRandom - -Dio.netty.initialSeedUniquifier: 0x2cba2b3ede191412
[DEBUG] 2024-05-17 09:24:04.058 [main] InternalLoggerFactory - Using Log4J2 as the default logging framework
[DEBUG] 2024-05-17 09:24:04.070 [main] ResourceLeakDetector - -Dio.netty.leakDetection.level: simple
[DEBUG] 2024-05-17 09:24:04.071 [main] ResourceLeakDetector - -Dio.netty.leakDetection.targetRecords: 4
[DEBUG] 2024-05-17 09:24:04.079 [main] ResourceLeakDetectorFactory - Loaded default ResourceLeakDetector: io.netty.util.ResourceLeakDetector@66238be2
[DEBUG] 2024-05-17 09:24:04.121 [main] PlatformDependent0 - -Dio.netty.noUnsafe: false
[DEBUG] 2024-05-17 09:24:04.122 [main] PlatformDependent0 - Java version: 17
[DEBUG] 2024-05-17 09:24:04.124 [main] PlatformDependent0 - sun.misc.Unsafe.theUnsafe: available
[DEBUG] 2024-05-17 09:24:04.127 [main] PlatformDependent0 - sun.misc.Unsafe.copyMemory: available
[DEBUG] 2024-05-17 09:24:04.128 [main] PlatformDependent0 - sun.misc.Unsafe.storeFence: available
[DEBUG] 2024-05-17 09:24:04.130 [main] PlatformDependent0 - java.nio.Buffer.address: available
[DEBUG] 2024-05-17 09:24:04.131 [main] PlatformDependent0 - direct buffer constructor: unavailable: Reflective setAccessible(true) disabled
[DEBUG] 2024-05-17 09:24:04.133 [main] PlatformDependent0 - java.nio.Bits.unaligned: available, true
[DEBUG] 2024-05-17 09:24:04.135 [main] PlatformDependent0 - jdk.internal.misc.Unsafe.allocateUninitializedArray(int): unavailable: class io.netty.util.internal.PlatformDependent0$7 cannot access class jdk.internal.misc.Unsafe (in module java.base) because module java.base does not export jdk.internal.misc to unnamed module @19e1023e
[DEBUG] 2024-05-17 09:24:04.138 [main] PlatformDependent0 - java.nio.DirectByteBuffer.<init>(long, {int,long}): unavailable
[DEBUG] 2024-05-17 09:24:04.139 [main] PlatformDependent - sun.misc.Unsafe: available
[DEBUG] 2024-05-17 09:24:04.141 [main] PlatformDependent - maxDirectMemory: 4265607168 bytes (maybe)
[DEBUG] 2024-05-17 09:24:04.144 [main] PlatformDependent - -Dio.netty.tmpdir: C:\Users\DIGITA~1\AppData\Local\Temp (java.io.tmpdir)
[DEBUG] 2024-05-17 09:24:04.144 [main] PlatformDependent - -Dio.netty.bitMode: 64 (sun.arch.data.model)
[DEBUG] 2024-05-17 09:24:04.146 [main] PlatformDependent - Platform: Windows
[DEBUG] 2024-05-17 09:24:04.147 [main] PlatformDependent - -Dio.netty.maxDirectMemory: -1 bytes
[DEBUG] 2024-05-17 09:24:04.148 [main] PlatformDependent - -Dio.netty.uninitializedArrayAllocationThreshold: -1
[DEBUG] 2024-05-17 09:24:04.150 [main] CleanerJava9 - java.nio.ByteBuffer.cleaner(): available
[DEBUG] 2024-05-17 09:24:04.151 [main] PlatformDependent - -Dio.netty.noPreferDirect: false
[DEBUG] 2024-05-17 09:24:04.164 [main] PlatformDependent - org.jctools-core.MpscChunkedArrayQueue: available
[DEBUG] 2024-05-17 09:24:04.211 [main] InternalThreadLocalMap - -Dio.netty.threadLocalMap.stringBuilder.initialSize: 1024
[DEBUG] 2024-05-17 09:24:04.211 [main] InternalThreadLocalMap - -Dio.netty.threadLocalMap.stringBuilder.maxSize: 4096
[DEBUG] 2024-05-17 09:24:05.068 [main] JdkSslContext - Default protocols (JDK): [TLSv1.3, TLSv1.2] 
[DEBUG] 2024-05-17 09:24:05.068 [main] JdkSslContext - Default cipher suites (JDK): [TLS_ECDHE_ECDSA_WITH_AES_256_GCM_SHA384, TLS_ECDHE_ECDSA_WITH_AES_128_GCM_SHA256, TLS_ECDHE_RSA_WITH_AES_128_GCM_SHA256, TLS_ECDHE_RSA_WITH_AES_256_GCM_SHA384, TLS_ECDHE_RSA_WITH_AES_128_CBC_SHA, TLS_ECDHE_RSA_WITH_AES_256_CBC_SHA, TLS_RSA_WITH_AES_128_GCM_SHA256, TLS_RSA_WITH_AES_128_CBC_SHA, TLS_RSA_WITH_AES_256_CBC_SHA, TLS_AES_128_GCM_SHA256, TLS_AES_256_GCM_SHA384]
[DEBUG] 2024-05-17 09:24:05.120 [main] GlobalEventExecutor - -Dio.netty.globalEventExecutor.quietPeriodSeconds: 1
[DEBUG] 2024-05-17 09:24:05.169 [main] MultithreadEventLoopGroup - -Dio.netty.eventLoopThreads: 8
[DEBUG] 2024-05-17 09:24:05.190 [main] NioEventLoop - -Dio.netty.noKeySetOptimization: false
[DEBUG] 2024-05-17 09:24:05.191 [main] NioEventLoop - -Dio.netty.selectorAutoRebuildThreshold: 512
[DEBUG] 2024-05-17 09:24:05.390 [main] PooledByteBufAllocator - -Dio.netty.allocator.numHeapArenas: 8
[DEBUG] 2024-05-17 09:24:05.390 [main] PooledByteBufAllocator - -Dio.netty.allocator.numDirectArenas: 8
[DEBUG] 2024-05-17 09:24:05.391 [main] PooledByteBufAllocator - -Dio.netty.allocator.pageSize: 8192
[DEBUG] 2024-05-17 09:24:05.391 [main] PooledByteBufAllocator - -Dio.netty.allocator.maxOrder: 9
[DEBUG] 2024-05-17 09:24:05.391 [main] PooledByteBufAllocator - -Dio.netty.allocator.chunkSize: 4194304
[DEBUG] 2024-05-17 09:24:05.393 [main] PooledByteBufAllocator - -Dio.netty.allocator.smallCacheSize: 256
[DEBUG] 2024-05-17 09:24:05.393 [main] PooledByteBufAllocator - -Dio.netty.allocator.normalCacheSize: 64
[DEBUG] 2024-05-17 09:24:05.394 [main] PooledByteBufAllocator - -Dio.netty.allocator.maxCachedBufferCapacity: 32768
[DEBUG] 2024-05-17 09:24:05.395 [main] PooledByteBufAllocator - -Dio.netty.allocator.cacheTrimInterval: 8192
[DEBUG] 2024-05-17 09:24:05.395 [main] PooledByteBufAllocator - -Dio.netty.allocator.cacheTrimIntervalMillis: 0
[DEBUG] 2024-05-17 09:24:05.395 [main] PooledByteBufAllocator - -Dio.netty.allocator.useCacheForAllThreads: false
[DEBUG] 2024-05-17 09:24:05.396 [main] PooledByteBufAllocator - -Dio.netty.allocator.maxCachedByteBuffersPerChunk: 1023
[DEBUG] 2024-05-17 09:24:05.423 [main] ByteBufUtil - -Dio.netty.allocator.type: pooled
[DEBUG] 2024-05-17 09:24:05.423 [main] ByteBufUtil - -Dio.netty.threadLocalDirectBufferSize: 0
[DEBUG] 2024-05-17 09:24:05.423 [main] ByteBufUtil - -Dio.netty.maxThreadLocalCharBufferSize: 16384
[DEBUG] 2024-05-17 09:24:05.903 [Forwarding newSession on session null to remote] DefaultChannelId - -Dio.netty.processId: 8804 (auto-detected)
[DEBUG] 2024-05-17 09:24:05.910 [Forwarding newSession on session null to remote] NetUtil - -Djava.net.preferIPv4Stack: false
[DEBUG] 2024-05-17 09:24:05.911 [Forwarding newSession on session null to remote] NetUtil - -Djava.net.preferIPv6Addresses: false
[DEBUG] 2024-05-17 09:24:05.946 [Forwarding newSession on session null to remote] NetUtilInitializations - Loopback interface: lo (Software Loopback Interface 1, 127.0.0.1)
[DEBUG] 2024-05-17 09:24:05.948 [Forwarding newSession on session null to remote] NetUtil - Failed to get SOMAXCONN from sysctl and file \proc\sys\net\core\somaxconn. Default: 200
[DEBUG] 2024-05-17 09:24:06.033 [Forwarding newSession on session null to remote] DefaultChannelId - -Dio.netty.machineId: b4:69:21:ff:fe:62:89:4b (auto-detected)
[DEBUG] 2024-05-17 09:24:06.133 [AsyncHttpClient-1-2] AbstractByteBuf - -Dio.netty.buffer.checkAccessible: true
[DEBUG] 2024-05-17 09:24:06.133 [AsyncHttpClient-1-2] AbstractByteBuf - -Dio.netty.buffer.checkBounds: true
[DEBUG] 2024-05-17 09:24:06.133 [AsyncHttpClient-1-2] ResourceLeakDetectorFactory - Loaded default ResourceLeakDetector: io.netty.util.ResourceLeakDetector@1b7dda1f
[DEBUG] 2024-05-17 09:24:06.190 [AsyncHttpClient-1-2] Recycler - -Dio.netty.recycler.maxCapacityPerThread: 4096
[DEBUG] 2024-05-17 09:24:06.191 [AsyncHttpClient-1-2] Recycler - -Dio.netty.recycler.ratio: 8
[DEBUG] 2024-05-17 09:24:06.191 [AsyncHttpClient-1-2] Recycler - -Dio.netty.recycler.chunkSize: 32
[DEBUG] 2024-05-17 09:24:06.191 [AsyncHttpClient-1-2] Recycler - -Dio.netty.recycler.blocking: false
[DEBUG] 2024-05-17 09:24:06.191 [AsyncHttpClient-1-2] Recycler - -Dio.netty.recycler.batchFastThreadLocalOnly: true
[DEBUG] 2024-05-17 09:24:07.821 [AsyncHttpClient-1-2] Brotli - brotli4j not in the classpath; Brotli support will be unavailable.
[DEBUG] 2024-05-17 09:24:08.103 [main] ThreadLocalRandom - -Dio.netty.initialSeedUniquifier: 0xb276e1706902f23c
[DEBUG] 2024-05-17 09:25:41.345 [main] InternalLoggerFactory - Using Log4J2 as the default logging framework
[DEBUG] 2024-05-17 09:25:41.362 [main] ResourceLeakDetector - -Dio.netty.leakDetection.level: simple
[DEBUG] 2024-05-17 09:25:41.362 [main] ResourceLeakDetector - -Dio.netty.leakDetection.targetRecords: 4
[DEBUG] 2024-05-17 09:25:41.368 [main] ResourceLeakDetectorFactory - Loaded default ResourceLeakDetector: io.netty.util.ResourceLeakDetector@66238be2
[DEBUG] 2024-05-17 09:25:41.389 [main] PlatformDependent0 - -Dio.netty.noUnsafe: false
[DEBUG] 2024-05-17 09:25:41.390 [main] PlatformDependent0 - Java version: 17
[DEBUG] 2024-05-17 09:25:41.391 [main] PlatformDependent0 - sun.misc.Unsafe.theUnsafe: available
[DEBUG] 2024-05-17 09:25:41.391 [main] PlatformDependent0 - sun.misc.Unsafe.copyMemory: available
[DEBUG] 2024-05-17 09:25:41.392 [main] PlatformDependent0 - sun.misc.Unsafe.storeFence: available
[DEBUG] 2024-05-17 09:25:41.393 [main] PlatformDependent0 - java.nio.Buffer.address: available
[DEBUG] 2024-05-17 09:25:41.393 [main] PlatformDependent0 - direct buffer constructor: unavailable: Reflective setAccessible(true) disabled
[DEBUG] 2024-05-17 09:25:41.394 [main] PlatformDependent0 - java.nio.Bits.unaligned: available, true
[DEBUG] 2024-05-17 09:25:41.395 [main] PlatformDependent0 - jdk.internal.misc.Unsafe.allocateUninitializedArray(int): unavailable: class io.netty.util.internal.PlatformDependent0$7 cannot access class jdk.internal.misc.Unsafe (in module java.base) because module java.base does not export jdk.internal.misc to unnamed module @19e1023e
[DEBUG] 2024-05-17 09:25:41.397 [main] PlatformDependent0 - java.nio.DirectByteBuffer.<init>(long, {int,long}): unavailable
[DEBUG] 2024-05-17 09:25:41.397 [main] PlatformDependent - sun.misc.Unsafe: available
[DEBUG] 2024-05-17 09:25:41.398 [main] PlatformDependent - maxDirectMemory: 4265607168 bytes (maybe)
[DEBUG] 2024-05-17 09:25:41.399 [main] PlatformDependent - -Dio.netty.tmpdir: C:\Users\DIGITA~1\AppData\Local\Temp (java.io.tmpdir)
[DEBUG] 2024-05-17 09:25:41.400 [main] PlatformDependent - -Dio.netty.bitMode: 64 (sun.arch.data.model)
[DEBUG] 2024-05-17 09:25:41.401 [main] PlatformDependent - Platform: Windows
[DEBUG] 2024-05-17 09:25:41.407 [main] PlatformDependent - -Dio.netty.maxDirectMemory: -1 bytes
[DEBUG] 2024-05-17 09:25:41.407 [main] PlatformDependent - -Dio.netty.uninitializedArrayAllocationThreshold: -1
[DEBUG] 2024-05-17 09:25:41.411 [main] CleanerJava9 - java.nio.ByteBuffer.cleaner(): available
[DEBUG] 2024-05-17 09:25:41.411 [main] PlatformDependent - -Dio.netty.noPreferDirect: false
[DEBUG] 2024-05-17 09:25:41.427 [main] PlatformDependent - org.jctools-core.MpscChunkedArrayQueue: available
[DEBUG] 2024-05-17 09:25:41.457 [main] InternalThreadLocalMap - -Dio.netty.threadLocalMap.stringBuilder.initialSize: 1024
[DEBUG] 2024-05-17 09:25:41.458 [main] InternalThreadLocalMap - -Dio.netty.threadLocalMap.stringBuilder.maxSize: 4096
[DEBUG] 2024-05-17 09:25:41.824 [main] JdkSslContext - Default protocols (JDK): [TLSv1.3, TLSv1.2] 
[DEBUG] 2024-05-17 09:25:41.824 [main] JdkSslContext - Default cipher suites (JDK): [TLS_ECDHE_ECDSA_WITH_AES_256_GCM_SHA384, TLS_ECDHE_ECDSA_WITH_AES_128_GCM_SHA256, TLS_ECDHE_RSA_WITH_AES_128_GCM_SHA256, TLS_ECDHE_RSA_WITH_AES_256_GCM_SHA384, TLS_ECDHE_RSA_WITH_AES_128_CBC_SHA, TLS_ECDHE_RSA_WITH_AES_256_CBC_SHA, TLS_RSA_WITH_AES_128_GCM_SHA256, TLS_RSA_WITH_AES_128_CBC_SHA, TLS_RSA_WITH_AES_256_CBC_SHA, TLS_AES_128_GCM_SHA256, TLS_AES_256_GCM_SHA384]
[DEBUG] 2024-05-17 09:25:41.851 [main] GlobalEventExecutor - -Dio.netty.globalEventExecutor.quietPeriodSeconds: 1
[DEBUG] 2024-05-17 09:25:41.888 [main] MultithreadEventLoopGroup - -Dio.netty.eventLoopThreads: 8
[DEBUG] 2024-05-17 09:25:41.916 [main] NioEventLoop - -Dio.netty.noKeySetOptimization: false
[DEBUG] 2024-05-17 09:25:41.917 [main] NioEventLoop - -Dio.netty.selectorAutoRebuildThreshold: 512
[DEBUG] 2024-05-17 09:25:42.014 [main] PooledByteBufAllocator - -Dio.netty.allocator.numHeapArenas: 8
[DEBUG] 2024-05-17 09:25:42.015 [main] PooledByteBufAllocator - -Dio.netty.allocator.numDirectArenas: 8
[DEBUG] 2024-05-17 09:25:42.015 [main] PooledByteBufAllocator - -Dio.netty.allocator.pageSize: 8192
[DEBUG] 2024-05-17 09:25:42.015 [main] PooledByteBufAllocator - -Dio.netty.allocator.maxOrder: 9
[DEBUG] 2024-05-17 09:25:42.015 [main] PooledByteBufAllocator - -Dio.netty.allocator.chunkSize: 4194304
[DEBUG] 2024-05-17 09:25:42.015 [main] PooledByteBufAllocator - -Dio.netty.allocator.smallCacheSize: 256
[DEBUG] 2024-05-17 09:25:42.015 [main] PooledByteBufAllocator - -Dio.netty.allocator.normalCacheSize: 64
[DEBUG] 2024-05-17 09:25:42.015 [main] PooledByteBufAllocator - -Dio.netty.allocator.maxCachedBufferCapacity: 32768
[DEBUG] 2024-05-17 09:25:42.015 [main] PooledByteBufAllocator - -Dio.netty.allocator.cacheTrimInterval: 8192
[DEBUG] 2024-05-17 09:25:42.015 [main] PooledByteBufAllocator - -Dio.netty.allocator.cacheTrimIntervalMillis: 0
[DEBUG] 2024-05-17 09:25:42.015 [main] PooledByteBufAllocator - -Dio.netty.allocator.useCacheForAllThreads: false
[DEBUG] 2024-05-17 09:25:42.016 [main] PooledByteBufAllocator - -Dio.netty.allocator.maxCachedByteBuffersPerChunk: 1023
[DEBUG] 2024-05-17 09:25:42.030 [main] ByteBufUtil - -Dio.netty.allocator.type: pooled
[DEBUG] 2024-05-17 09:25:42.030 [main] ByteBufUtil - -Dio.netty.threadLocalDirectBufferSize: 0
[DEBUG] 2024-05-17 09:25:42.030 [main] ByteBufUtil - -Dio.netty.maxThreadLocalCharBufferSize: 16384
[DEBUG] 2024-05-17 09:25:42.451 [Forwarding newSession on session null to remote] DefaultChannelId - -Dio.netty.processId: 14040 (auto-detected)
[DEBUG] 2024-05-17 09:25:42.454 [Forwarding newSession on session null to remote] NetUtil - -Djava.net.preferIPv4Stack: false
[DEBUG] 2024-05-17 09:25:42.454 [Forwarding newSession on session null to remote] NetUtil - -Djava.net.preferIPv6Addresses: false
[DEBUG] 2024-05-17 09:25:42.467 [Forwarding newSession on session null to remote] NetUtilInitializations - Loopback interface: lo (Software Loopback Interface 1, 127.0.0.1)
[DEBUG] 2024-05-17 09:25:42.468 [Forwarding newSession on session null to remote] NetUtil - Failed to get SOMAXCONN from sysctl and file \proc\sys\net\core\somaxconn. Default: 200
[DEBUG] 2024-05-17 09:25:42.500 [Forwarding newSession on session null to remote] DefaultChannelId - -Dio.netty.machineId: b4:69:21:ff:fe:62:89:4b (auto-detected)
[DEBUG] 2024-05-17 09:25:42.565 [AsyncHttpClient-1-2] AbstractByteBuf - -Dio.netty.buffer.checkAccessible: true
[DEBUG] 2024-05-17 09:25:42.566 [AsyncHttpClient-1-2] AbstractByteBuf - -Dio.netty.buffer.checkBounds: true
[DEBUG] 2024-05-17 09:25:42.567 [AsyncHttpClient-1-2] ResourceLeakDetectorFactory - Loaded default ResourceLeakDetector: io.netty.util.ResourceLeakDetector@1b7dda1f
[DEBUG] 2024-05-17 09:25:42.620 [AsyncHttpClient-1-2] Recycler - -Dio.netty.recycler.maxCapacityPerThread: 4096
[DEBUG] 2024-05-17 09:25:42.620 [AsyncHttpClient-1-2] Recycler - -Dio.netty.recycler.ratio: 8
[DEBUG] 2024-05-17 09:25:42.620 [AsyncHttpClient-1-2] Recycler - -Dio.netty.recycler.chunkSize: 32
[DEBUG] 2024-05-17 09:25:42.621 [AsyncHttpClient-1-2] Recycler - -Dio.netty.recycler.blocking: false
[DEBUG] 2024-05-17 09:25:42.621 [AsyncHttpClient-1-2] Recycler - -Dio.netty.recycler.batchFastThreadLocalOnly: true
[DEBUG] 2024-05-17 09:25:44.073 [AsyncHttpClient-1-2] Brotli - brotli4j not in the classpath; Brotli support will be unavailable.
[DEBUG] 2024-05-17 09:25:44.296 [main] ThreadLocalRandom - -Dio.netty.initialSeedUniquifier: 0x598b74f91d950cf1
[DEBUG] 2024-05-17 09:37:28.504 [main] InternalLoggerFactory - Using Log4J2 as the default logging framework
[DEBUG] 2024-05-17 09:37:28.519 [main] ResourceLeakDetector - -Dio.netty.leakDetection.level: simple
[DEBUG] 2024-05-17 09:37:28.519 [main] ResourceLeakDetector - -Dio.netty.leakDetection.targetRecords: 4
[DEBUG] 2024-05-17 09:37:28.525 [main] ResourceLeakDetectorFactory - Loaded default ResourceLeakDetector: io.netty.util.ResourceLeakDetector@66238be2
[DEBUG] 2024-05-17 09:37:28.550 [main] PlatformDependent0 - -Dio.netty.noUnsafe: false
[DEBUG] 2024-05-17 09:37:28.550 [main] PlatformDependent0 - Java version: 17
[DEBUG] 2024-05-17 09:37:28.552 [main] PlatformDependent0 - sun.misc.Unsafe.theUnsafe: available
[DEBUG] 2024-05-17 09:37:28.552 [main] PlatformDependent0 - sun.misc.Unsafe.copyMemory: available
[DEBUG] 2024-05-17 09:37:28.553 [main] PlatformDependent0 - sun.misc.Unsafe.storeFence: available
[DEBUG] 2024-05-17 09:37:28.554 [main] PlatformDependent0 - java.nio.Buffer.address: available
[DEBUG] 2024-05-17 09:37:28.555 [main] PlatformDependent0 - direct buffer constructor: unavailable: Reflective setAccessible(true) disabled
[DEBUG] 2024-05-17 09:37:28.556 [main] PlatformDependent0 - java.nio.Bits.unaligned: available, true
[DEBUG] 2024-05-17 09:37:28.557 [main] PlatformDependent0 - jdk.internal.misc.Unsafe.allocateUninitializedArray(int): unavailable: class io.netty.util.internal.PlatformDependent0$7 cannot access class jdk.internal.misc.Unsafe (in module java.base) because module java.base does not export jdk.internal.misc to unnamed module @19e1023e
[DEBUG] 2024-05-17 09:37:28.559 [main] PlatformDependent0 - java.nio.DirectByteBuffer.<init>(long, {int,long}): unavailable
[DEBUG] 2024-05-17 09:37:28.559 [main] PlatformDependent - sun.misc.Unsafe: available
[DEBUG] 2024-05-17 09:37:28.560 [main] PlatformDependent - maxDirectMemory: 4265607168 bytes (maybe)
[DEBUG] 2024-05-17 09:37:28.561 [main] PlatformDependent - -Dio.netty.tmpdir: C:\Users\DIGITA~1\AppData\Local\Temp (java.io.tmpdir)
[DEBUG] 2024-05-17 09:37:28.561 [main] PlatformDependent - -Dio.netty.bitMode: 64 (sun.arch.data.model)
[DEBUG] 2024-05-17 09:37:28.562 [main] PlatformDependent - Platform: Windows
[DEBUG] 2024-05-17 09:37:28.564 [main] PlatformDependent - -Dio.netty.maxDirectMemory: -1 bytes
[DEBUG] 2024-05-17 09:37:28.564 [main] PlatformDependent - -Dio.netty.uninitializedArrayAllocationThreshold: -1
[DEBUG] 2024-05-17 09:37:28.567 [main] CleanerJava9 - java.nio.ByteBuffer.cleaner(): available
[DEBUG] 2024-05-17 09:37:28.567 [main] PlatformDependent - -Dio.netty.noPreferDirect: false
[DEBUG] 2024-05-17 09:37:28.599 [main] PlatformDependent - org.jctools-core.MpscChunkedArrayQueue: available
[DEBUG] 2024-05-17 09:37:28.620 [main] InternalThreadLocalMap - -Dio.netty.threadLocalMap.stringBuilder.initialSize: 1024
[DEBUG] 2024-05-17 09:37:28.620 [main] InternalThreadLocalMap - -Dio.netty.threadLocalMap.stringBuilder.maxSize: 4096
[DEBUG] 2024-05-17 09:37:28.860 [main] JdkSslContext - Default protocols (JDK): [TLSv1.3, TLSv1.2] 
[DEBUG] 2024-05-17 09:37:28.860 [main] JdkSslContext - Default cipher suites (JDK): [TLS_ECDHE_ECDSA_WITH_AES_256_GCM_SHA384, TLS_ECDHE_ECDSA_WITH_AES_128_GCM_SHA256, TLS_ECDHE_RSA_WITH_AES_128_GCM_SHA256, TLS_ECDHE_RSA_WITH_AES_256_GCM_SHA384, TLS_ECDHE_RSA_WITH_AES_128_CBC_SHA, TLS_ECDHE_RSA_WITH_AES_256_CBC_SHA, TLS_RSA_WITH_AES_128_GCM_SHA256, TLS_RSA_WITH_AES_128_CBC_SHA, TLS_RSA_WITH_AES_256_CBC_SHA, TLS_AES_128_GCM_SHA256, TLS_AES_256_GCM_SHA384]
[DEBUG] 2024-05-17 09:37:28.884 [main] GlobalEventExecutor - -Dio.netty.globalEventExecutor.quietPeriodSeconds: 1
[DEBUG] 2024-05-17 09:37:28.901 [main] MultithreadEventLoopGroup - -Dio.netty.eventLoopThreads: 8
[DEBUG] 2024-05-17 09:37:28.918 [main] NioEventLoop - -Dio.netty.noKeySetOptimization: false
[DEBUG] 2024-05-17 09:37:28.919 [main] NioEventLoop - -Dio.netty.selectorAutoRebuildThreshold: 512
[DEBUG] 2024-05-17 09:37:28.998 [main] PooledByteBufAllocator - -Dio.netty.allocator.numHeapArenas: 8
[DEBUG] 2024-05-17 09:37:28.999 [main] PooledByteBufAllocator - -Dio.netty.allocator.numDirectArenas: 8
[DEBUG] 2024-05-17 09:37:28.999 [main] PooledByteBufAllocator - -Dio.netty.allocator.pageSize: 8192
[DEBUG] 2024-05-17 09:37:28.999 [main] PooledByteBufAllocator - -Dio.netty.allocator.maxOrder: 9
[DEBUG] 2024-05-17 09:37:28.999 [main] PooledByteBufAllocator - -Dio.netty.allocator.chunkSize: 4194304
[DEBUG] 2024-05-17 09:37:28.999 [main] PooledByteBufAllocator - -Dio.netty.allocator.smallCacheSize: 256
[DEBUG] 2024-05-17 09:37:28.999 [main] PooledByteBufAllocator - -Dio.netty.allocator.normalCacheSize: 64
[DEBUG] 2024-05-17 09:37:29.000 [main] PooledByteBufAllocator - -Dio.netty.allocator.maxCachedBufferCapacity: 32768
[DEBUG] 2024-05-17 09:37:29.000 [main] PooledByteBufAllocator - -Dio.netty.allocator.cacheTrimInterval: 8192
[DEBUG] 2024-05-17 09:37:29.000 [main] PooledByteBufAllocator - -Dio.netty.allocator.cacheTrimIntervalMillis: 0
[DEBUG] 2024-05-17 09:37:29.000 [main] PooledByteBufAllocator - -Dio.netty.allocator.useCacheForAllThreads: false
[DEBUG] 2024-05-17 09:37:29.000 [main] PooledByteBufAllocator - -Dio.netty.allocator.maxCachedByteBuffersPerChunk: 1023
[DEBUG] 2024-05-17 09:37:29.020 [main] ByteBufUtil - -Dio.netty.allocator.type: pooled
[DEBUG] 2024-05-17 09:37:29.021 [main] ByteBufUtil - -Dio.netty.threadLocalDirectBufferSize: 0
[DEBUG] 2024-05-17 09:37:29.021 [main] ByteBufUtil - -Dio.netty.maxThreadLocalCharBufferSize: 16384
[DEBUG] 2024-05-17 09:37:29.438 [Forwarding newSession on session null to remote] DefaultChannelId - -Dio.netty.processId: 7480 (auto-detected)
[DEBUG] 2024-05-17 09:37:29.441 [Forwarding newSession on session null to remote] NetUtil - -Djava.net.preferIPv4Stack: false
[DEBUG] 2024-05-17 09:37:29.441 [Forwarding newSession on session null to remote] NetUtil - -Djava.net.preferIPv6Addresses: false
[DEBUG] 2024-05-17 09:37:29.457 [Forwarding newSession on session null to remote] NetUtilInitializations - Loopback interface: lo (Software Loopback Interface 1, 127.0.0.1)
[DEBUG] 2024-05-17 09:37:29.458 [Forwarding newSession on session null to remote] NetUtil - Failed to get SOMAXCONN from sysctl and file \proc\sys\net\core\somaxconn. Default: 200
[DEBUG] 2024-05-17 09:37:29.504 [Forwarding newSession on session null to remote] DefaultChannelId - -Dio.netty.machineId: b4:69:21:ff:fe:62:89:4b (auto-detected)
[DEBUG] 2024-05-17 09:37:29.575 [AsyncHttpClient-1-2] AbstractByteBuf - -Dio.netty.buffer.checkAccessible: true
[DEBUG] 2024-05-17 09:37:29.575 [AsyncHttpClient-1-2] AbstractByteBuf - -Dio.netty.buffer.checkBounds: true
[DEBUG] 2024-05-17 09:37:29.576 [AsyncHttpClient-1-2] ResourceLeakDetectorFactory - Loaded default ResourceLeakDetector: io.netty.util.ResourceLeakDetector@10ffd8b7
[DEBUG] 2024-05-17 09:37:29.639 [AsyncHttpClient-1-2] Recycler - -Dio.netty.recycler.maxCapacityPerThread: 4096
[DEBUG] 2024-05-17 09:37:29.639 [AsyncHttpClient-1-2] Recycler - -Dio.netty.recycler.ratio: 8
[DEBUG] 2024-05-17 09:37:29.639 [AsyncHttpClient-1-2] Recycler - -Dio.netty.recycler.chunkSize: 32
[DEBUG] 2024-05-17 09:37:29.639 [AsyncHttpClient-1-2] Recycler - -Dio.netty.recycler.blocking: false
[DEBUG] 2024-05-17 09:37:29.639 [AsyncHttpClient-1-2] Recycler - -Dio.netty.recycler.batchFastThreadLocalOnly: true
[DEBUG] 2024-05-17 09:37:30.844 [AsyncHttpClient-1-2] Brotli - brotli4j not in the classpath; Brotli support will be unavailable.
[DEBUG] 2024-05-17 09:37:31.167 [main] ThreadLocalRandom - -Dio.netty.initialSeedUniquifier: 0xb0e9b10f3706b92c
